c:\users\trand\documents\github\ogl-first\ogl\ogl\x64\release\vc143.pdb
c:\users\trand\documents\github\ogl-first\ogl\ogl\x64\release\texture.obj
c:\users\trand\documents\github\ogl-first\ogl\ogl\x64\release\mesh.obj
c:\users\trand\documents\github\ogl-first\ogl\ogl\x64\release\main.obj
c:\users\trand\documents\github\ogl-first\ogl\ogl\x64\release\imgui_widgets.obj
c:\users\trand\documents\github\ogl-first\ogl\ogl\x64\release\imgui_tables.obj
c:\users\trand\documents\github\ogl-first\ogl\ogl\x64\release\imgui_impl_opengl3.obj
c:\users\trand\documents\github\ogl-first\ogl\ogl\x64\release\imgui_impl_glfw.obj
c:\users\trand\documents\github\ogl-first\ogl\ogl\x64\release\imgui_draw.obj
c:\users\trand\documents\github\ogl-first\ogl\ogl\x64\release\imgui_demo.obj
c:\users\trand\documents\github\ogl-first\ogl\ogl\x64\release\imgui.obj
c:\users\trand\documents\github\ogl-first\ogl\ogl\x64\release\gameobject.obj
c:\users\trand\documents\github\ogl-first\ogl\ogl\x64\release\cubemap.obj
c:\users\trand\documents\github\ogl-first\ogl\ogl\x64\release\csquare.obj
c:\users\trand\documents\github\ogl-first\ogl\ogl\x64\release\cshape.obj
c:\users\trand\documents\github\ogl-first\ogl\ogl\x64\release\ccamera.obj
c:\users\trand\documents\github\ogl-first\ogl\x64\release\ogl.exe
c:\users\trand\documents\github\ogl-first\ogl\ogl\x64\release\ogl.ipdb
c:\users\trand\documents\github\ogl-first\ogl\x64\release\ogl.pdb
c:\users\trand\documents\github\ogl-first\ogl\ogl\x64\release\ogl.iobj
c:\users\trand\documents\github\ogl-first\ogl\ogl\x64\release\ogl.tlog\cl.command.1.tlog
c:\users\trand\documents\github\ogl-first\ogl\ogl\x64\release\ogl.tlog\cl.read.1.tlog
c:\users\trand\documents\github\ogl-first\ogl\ogl\x64\release\ogl.tlog\cl.write.1.tlog
c:\users\trand\documents\github\ogl-first\ogl\ogl\x64\release\ogl.tlog\link.command.1.tlog
c:\users\trand\documents\github\ogl-first\ogl\ogl\x64\release\ogl.tlog\link.read.1.tlog
c:\users\trand\documents\github\ogl-first\ogl\ogl\x64\release\ogl.tlog\link.write.1.tlog
