c:\users\trand\documents\github\ogl-first\ogl\ogl\x64\debug\vc143.pdb
c:\users\trand\documents\github\ogl-first\ogl\ogl\x64\debug\vc143.idb
c:\users\trand\documents\github\ogl-first\ogl\ogl\x64\debug\texture.obj
c:\users\trand\documents\github\ogl-first\ogl\ogl\x64\debug\main.obj
c:\users\trand\documents\github\ogl-first\ogl\ogl\x64\debug\imgui_widgets.obj
c:\users\trand\documents\github\ogl-first\ogl\ogl\x64\debug\imgui_tables.obj
c:\users\trand\documents\github\ogl-first\ogl\ogl\x64\debug\imgui_impl_opengl3.obj
c:\users\trand\documents\github\ogl-first\ogl\ogl\x64\debug\imgui_impl_glfw.obj
c:\users\trand\documents\github\ogl-first\ogl\ogl\x64\debug\imgui_draw.obj
c:\users\trand\documents\github\ogl-first\ogl\ogl\x64\debug\imgui_demo.obj
c:\users\trand\documents\github\ogl-first\ogl\ogl\x64\debug\imgui.obj
c:\users\trand\documents\github\ogl-first\ogl\ogl\x64\debug\csquare.obj
c:\users\trand\documents\github\ogl-first\ogl\ogl\x64\debug\cshape.obj
c:\users\trand\documents\github\ogl-first\ogl\ogl\x64\debug\cubemap.obj
c:\users\trand\documents\github\ogl-first\ogl\x64\debug\ogl.exe
c:\users\trand\documents\github\ogl-first\ogl\ogl\x64\debug\ogl.ilk
c:\users\trand\documents\github\ogl-first\ogl\x64\debug\ogl.pdb
c:\users\trand\documents\github\ogl-first\ogl\ogl\x64\debug\ogl.tlog\cl.command.1.tlog
c:\users\trand\documents\github\ogl-first\ogl\ogl\x64\debug\ogl.tlog\cl.read.1.tlog
c:\users\trand\documents\github\ogl-first\ogl\ogl\x64\debug\ogl.tlog\cl.write.1.tlog
c:\users\trand\documents\github\ogl-first\ogl\ogl\x64\debug\ogl.tlog\link.command.1.tlog
c:\users\trand\documents\github\ogl-first\ogl\ogl\x64\debug\ogl.tlog\link.read.1.tlog
c:\users\trand\documents\github\ogl-first\ogl\ogl\x64\debug\ogl.tlog\link.write.1.tlog
