  Main.cpp
C:\Users\trand\Documents\GitHub\OGL-First\OGL\OGL\TextureMaster.h(19,1): warning C4267: 'argument': conversion from 'size_t' to '_Ty', possible loss of data
          with
          [
              _Ty=int
          ]
C:\Users\trand\Documents\GitHub\OGL-First\OGL\OGL\TextureMaster.h(23,1): warning C4267: 'argument': conversion from 'size_t' to 'GLenum', possible loss of data
C:\Users\trand\Documents\GitHub\OGL-First\OGL\OGL\TextureMaster.h(25,1): warning C4267: 'argument': conversion from 'size_t' to 'GLenum', possible loss of data
C:\Users\trand\Documents\GitHub\OGL-First\OGL\OGL\TextureMaster.h(29,1): warning C4267: 'argument': conversion from 'size_t' to '_Ty', possible loss of data
          with
          [
              _Ty=int
          ]
C:\Users\trand\Documents\GitHub\OGL-First\OGL\OGL\TextureMaster.h(30,1): warning C4267: 'argument': conversion from 'size_t' to 'GLenum', possible loss of data
C:\Users\trand\Documents\GitHub\OGL-First\OGL\OGL\TextureMaster.h(34,1): warning C4267: 'argument': conversion from 'size_t' to '_Ty', possible loss of data
          with
          [
              _Ty=int
          ]
C:\Users\trand\Documents\GitHub\OGL-First\OGL\OGL\TextureMaster.h(35,1): warning C4267: 'argument': conversion from 'size_t' to 'GLenum', possible loss of data
C:\Users\trand\Documents\GitHub\OGL-First\OGL\OGL\VertexArray.h(28,1): warning C4312: 'type cast': conversion from 'unsigned int' to 'const void *' of greater size
C:\Users\trand\Documents\GitHub\OGL-First\OGL\OGL\IndexBuffer.h(18,1): warning C4267: 'initializing': conversion from 'size_t' to 'unsigned int', possible loss of data
C:\Users\trand\Documents\GitHub\OGL-First\OGL\OGL\Main.cpp(549,24): warning C4150: deletion of pointer to incomplete type 'GLFWwindow'; no destructor called
C:\Users\trand\Documents\GitHub\OGL-First\OGL\OGL\include\ImGui\imgui_impl_glfw.h(28): message : see declaration of 'GLFWwindow'
  OGL.vcxproj -> C:\Users\trand\Documents\GitHub\OGL-First\OGL\x64\Debug\OGL.exe
